0 info it worked if it ends with ok
1 verbose cli [ '/usr/bin/nodejs', '/usr/bin/npm', 'run', 'start' ]
2 info using npm@3.10.10
3 info using node@v6.11.2
4 verbose run-script [ 'prestart', 'start', 'poststart' ]
5 info lifecycle react-mobx-todos@1.0.0~prestart: react-mobx-todos@1.0.0
6 silly lifecycle react-mobx-todos@1.0.0~prestart: no script for prestart, continuing
7 info lifecycle react-mobx-todos@1.0.0~start: react-mobx-todos@1.0.0
8 verbose lifecycle react-mobx-todos@1.0.0~start: unsafe-perm in lifecycle true
9 verbose lifecycle react-mobx-todos@1.0.0~start: PATH: /usr/lib/node_modules/npm/bin/node-gyp-bin:/home/mrchadparkour/Marvel-Mobx/node_modules/.bin:/home/mrchadparkour/bin:/home/mrchadparkour/bin:/home/mrchadparkour/bin:/home/mrchadparkour/.local/bin:/usr/local/sbin:/usr/local/bin:/usr/sbin:/usr/bin:/sbin:/bin:/usr/games:/usr/local/games:/snap/bin:/home/mrchadparkour/Android/Sdk/tools:/home/mrchadparkour/Android/Sdk/platform-tools
10 verbose lifecycle react-mobx-todos@1.0.0~start: CWD: /home/mrchadparkour/Marvel-Mobx
11 silly lifecycle react-mobx-todos@1.0.0~start: Args: [ '-c', 'webpack-dev-server --content-base src --inline --hot' ]
12 silly lifecycle react-mobx-todos@1.0.0~start: Returned: code: 1  signal: null
13 info lifecycle react-mobx-todos@1.0.0~start: Failed to exec start script
14 verbose stack Error: react-mobx-todos@1.0.0 start: `webpack-dev-server --content-base src --inline --hot`
14 verbose stack Exit status 1
14 verbose stack     at EventEmitter.<anonymous> (/usr/lib/node_modules/npm/lib/utils/lifecycle.js:255:16)
14 verbose stack     at emitTwo (events.js:106:13)
14 verbose stack     at EventEmitter.emit (events.js:191:7)
14 verbose stack     at ChildProcess.<anonymous> (/usr/lib/node_modules/npm/lib/utils/spawn.js:40:14)
14 verbose stack     at emitTwo (events.js:106:13)
14 verbose stack     at ChildProcess.emit (events.js:191:7)
14 verbose stack     at maybeClose (internal/child_process.js:891:16)
14 verbose stack     at Process.ChildProcess._handle.onexit (internal/child_process.js:226:5)
15 verbose pkgid react-mobx-todos@1.0.0
16 verbose cwd /home/mrchadparkour/Marvel-Mobx
17 error Linux 4.10.0-32-generic
18 error argv "/usr/bin/nodejs" "/usr/bin/npm" "run" "start"
19 error node v6.11.2
20 error npm  v3.10.10
21 error code ELIFECYCLE
22 error react-mobx-todos@1.0.0 start: `webpack-dev-server --content-base src --inline --hot`
22 error Exit status 1
23 error Failed at the react-mobx-todos@1.0.0 start script 'webpack-dev-server --content-base src --inline --hot'.
23 error Make sure you have the latest version of node.js and npm installed.
23 error If you do, this is most likely a problem with the react-mobx-todos package,
23 error not with npm itself.
23 error Tell the author that this fails on your system:
23 error     webpack-dev-server --content-base src --inline --hot
23 error You can get information on how to open an issue for this project with:
23 error     npm bugs react-mobx-todos
23 error Or if that isn't available, you can get their info via:
23 error     npm owner ls react-mobx-todos
23 error There is likely additional logging output above.
24 verbose exit [ 1, true ]
